<?xml version="1.0" encoding="UTF-8"?>
<!-- Generated by org.testng.reporters.JUnitReportReporter -->
<testsuite skipped="0" hostname="om-PC" name="log4j.Log4j" tests="1" failures="0" timestamp="05 Sep 2018 09:29:18 GMT" time="0.020" errors="0">
  <testcase name="logs" time="0.020" classname="log4j.Log4j"/>
</testsuite> <!-- log4j.Log4j -->
