<?xml version="1.0" encoding="UTF-8"?>
<!-- Generated by org.testng.reporters.JUnitReportReporter -->
<testsuite skipped="0" hostname="om-PC" name="mavenlog.MavenLog4j" tests="1" failures="0" timestamp="07 Sep 2018 08:22:02 GMT" time="0.130" errors="0">
  <testcase name="logs" time="0.130" classname="mavenlog.MavenLog4j"/>
</testsuite> <!-- mavenlog.MavenLog4j -->
