<?xml version="1.0" encoding="UTF-8"?>
<!-- Generated by org.testng.reporters.JUnitReportReporter -->
<testsuite skipped="0" hostname="om-PC" name="mavenlog.AllLinks" tests="2" failures="0" timestamp="07 Sep 2018 08:27:42 GMT" time="15.934" errors="0">
  <testcase name="logs" time="5.912" classname="mavenlog.AllLinks"/>
  <testcase name="allLinks" time="10.022" classname="mavenlog.AllLinks"/>
</testsuite> <!-- mavenlog.AllLinks -->
